<?xml version="1.0" encoding="UTF-8"?>
<testng-results total="2" passed="2" failed="0" skipped="0">
  <reporter-output>
  </reporter-output>
  <suite started-at="2019-06-25T18:22:01Z" name="Default suite" finished-at="2019-06-25T18:22:01Z" duration-ms="47">
    <groups>
    </groups>
    <test started-at="2019-06-25T18:22:01Z" name="Default test" finished-at="2019-06-25T18:22:01Z" duration-ms="47">
      <class name="Pl1">
        <test-method signature="WEBtest()[pri:0, instance:Pl1@70325e14]" started-at="2019-06-25T23:52:01Z" name="WEBtest" finished-at="2019-06-25T23:52:01Z" duration-ms="22" status="PASS">
          <reporter-output>
          </reporter-output>
        </test-method> <!-- WEBtest -->
        <test-method signature="mobiletest()[pri:0, instance:Pl1@70325e14]" started-at="2019-06-25T23:52:01Z" name="mobiletest" finished-at="2019-06-25T23:52:01Z" duration-ms="2" status="PASS">
          <reporter-output>
          </reporter-output>
        </test-method> <!-- mobiletest -->
      </class> <!-- Pl1 -->
    </test> <!-- Default test -->
  </suite> <!-- Default suite -->
</testng-results>
